<?xml version="1.0" encoding="UTF-8"?>
<testsuite xmlns:xsi="http://www.w3.org/2001/XMLSchema-instance" xsi:noNamespaceSchemaLocation="https://maven.apache.org/surefire/maven-surefire-plugin/xsd/surefire-test-report.xsd" version="3.0.2" name="gov.usds.ecfr.EcfrControllerIntegrationTest" time="1.474" tests="2" errors="0" skipped="0" failures="0">
  <properties>
[...]
</properties>
  <testcase name="targetedImportAddsSelectedAgencyWithoutReplacingExistingOnes" classname="gov.usds.ecfr.EcfrControllerIntegrationTest" time="0.45">
    <system-out><![CDATA[14:16:23.532 [main] INFO org.springframework.boot.test.context.SpringBootTestContextBootstrapper -- Found @SpringBootConfiguration gov.usds.ecfr.EcfrExplorerApplication for test class gov.usds.ecfr.EcfrControllerIntegrationTest

  .   ____          _            __ _ _
 /\\ / ___'_ __ _ _(_)_ __  __ _ \ \ \ \
( ( )\___ | '_ | '_| | '_ \/ _` | \ \ \ \
 \\/  ___)| |_)| | | | | || (_| |  ) ) ) )
  '  |____| .__|_| |_|_| |_\__, | / / / /
 =========|_|==============|___/=/_/_/_/

 :: Spring Boot ::                (v3.5.0)

2026-04-12T14:16:23.683-07:00  INFO 39801 --- [           main] g.u.ecfr.EcfrControllerIntegrationTest   : Starting EcfrControllerIntegrationTest using Java 25.0.1 with PID 39801 (started by blahz in /Users/blahz/Documents/devv/uss/backend)
2026-04-12T14:16:23.683-07:00  INFO 39801 --- [           main] g.u.ecfr.EcfrControllerIntegrationTest   : No active profile set, falling back to 1 default profile: "default"
2026-04-12T14:16:24.145-07:00  INFO 39801 --- [           main] com.zaxxer.hikari.HikariDataSource       : HikariPool-1 - Starting...
2026-04-12T14:16:24.227-07:00  INFO 39801 --- [           main] com.zaxxer.hikari.pool.HikariPool        : HikariPool-1 - Added connection conn0: url=jdbc:h2:mem:ecfr user=SA
2026-04-12T14:16:24.227-07:00  INFO 39801 --- [           main] com.zaxxer.hikari.HikariDataSource       : HikariPool-1 - Start completed.
2026-04-12T14:16:24.244-07:00  INFO 39801 --- [           main] org.flywaydb.core.FlywayExecutor         : Database: jdbc:h2:mem:ecfr (H2 2.3)
2026-04-12T14:16:24.254-07:00  INFO 39801 --- [           main] o.f.c.i.s.JdbcTableSchemaHistory         : Schema history table "PUBLIC"."flyway_schema_history" does not exist yet
2026-04-12T14:16:24.255-07:00  INFO 39801 --- [           main] o.f.core.internal.command.DbValidate     : Successfully validated 1 migration (execution time 00:00.004s)
2026-04-12T14:16:24.258-07:00  INFO 39801 --- [           main] o.f.c.i.s.JdbcTableSchemaHistory         : Creating Schema History table "PUBLIC"."flyway_schema_history" ...
2026-04-12T14:16:24.270-07:00  INFO 39801 --- [           main] o.f.core.internal.command.DbMigrate      : Current version of schema "PUBLIC": << Empty Schema >>
2026-04-12T14:16:24.272-07:00  INFO 39801 --- [           main] o.f.core.internal.command.DbMigrate      : Migrating schema "PUBLIC" to version "1 - schema"
2026-04-12T14:16:24.280-07:00  INFO 39801 --- [           main] o.f.core.internal.command.DbMigrate      : Successfully applied 1 migration to schema "PUBLIC", now at version v1 (execution time 00:00.003s)
2026-04-12T14:16:24.432-07:00  INFO 39801 --- [           main] o.s.b.t.m.w.SpringBootMockServletContext : Initializing Spring TestDispatcherServlet ''
2026-04-12T14:16:24.432-07:00  INFO 39801 --- [           main] o.s.t.web.servlet.TestDispatcherServlet  : Initializing Servlet ''
2026-04-12T14:16:24.433-07:00  INFO 39801 --- [           main] o.s.t.web.servlet.TestDispatcherServlet  : Completed initialization in 1 ms
2026-04-12T14:16:24.442-07:00  INFO 39801 --- [           main] g.u.ecfr.EcfrControllerIntegrationTest   : Started EcfrControllerIntegrationTest in 0.866 seconds (process running for 1.257)
2026-04-12T14:16:24.845-07:00  INFO 39801 --- [           main] gov.usds.ecfr.ImportService              : eCFR import completed: 1 agencies, 2 topics, 0 failures
2026-04-12T14:16:24.869-07:00  INFO 39801 --- [           main] gov.usds.ecfr.ImportService              : eCFR import completed: 1 agencies, 1 topics, 0 failures
]]></system-out>
    <system-err><![CDATA[Mockito is currently self-attaching to enable the inline-mock-maker. This will no longer work in future releases of the JDK. Please add Mockito as an agent to your build as described in Mockito's documentation: https://javadoc.io/doc/org.mockito/mockito-core/latest/org.mockito/org/mockito/Mockito.html#0.3
WARNING: A Java agent has been loaded dynamically (/Users/blahz/.m2/repository/net/bytebuddy/byte-buddy-agent/1.17.5/byte-buddy-agent-1.17.5.jar)
WARNING: If a serviceability tool is in use, please run with -XX:+EnableDynamicAgentLoading to hide this warning
WARNING: If a serviceability tool is not in use, please run with -Djdk.instrument.traceUsage for more information
WARNING: Dynamic loading of agents will be disallowed by default in a future release
]]></system-err>
  </testcase>
  <testcase name="importAndEndpointsUseStoredData" classname="gov.usds.ecfr.EcfrControllerIntegrationTest" time="0.018">
    <system-out><![CDATA[2026-04-12T14:16:24.902-07:00  INFO 39801 --- [           main] gov.usds.ecfr.ImportService              : eCFR import completed: 1 agencies, 2 topics, 0 failures
]]></system-out>
  </testcase>
</testsuite>