<?xml version="1.0" encoding="UTF-8"?>
<testsuite xmlns:xsi="http://www.w3.org/2001/XMLSchema-instance" xsi:noNamespaceSchemaLocation="https://maven.apache.org/surefire/maven-surefire-plugin/xsd/surefire-test-report.xsd" version="3.0.2" name="gov.usds.ecfr.EcfrControllerIntegrationTest" time="1.519" tests="1" errors="0" skipped="0" failures="0">
  <properties>
[...]
</properties>
  <testcase name="importAndEndpointsUseStoredData" classname="gov.usds.ecfr.EcfrControllerIntegrationTest" time="0.099">
    <system-out><![CDATA[12:49:37.355 [main] INFO org.springframework.test.context.support.AnnotationConfigContextLoaderUtils -- Could not detect default configuration classes for test class [gov.usds.ecfr.EcfrControllerIntegrationTest]: EcfrControllerIntegrationTest does not declare any static, non-private, non-final, nested classes annotated with @Configuration.
12:49:37.415 [main] INFO org.springframework.boot.test.context.SpringBootTestContextBootstrapper -- Found @SpringBootConfiguration gov.usds.ecfr.EcfrExplorerApplication for test class gov.usds.ecfr.EcfrControllerIntegrationTest

  .   ____          _            __ _ _
 /\\ / ___'_ __ _ _(_)_ __  __ _ \ \ \ \
( ( )\___ | '_ | '_| | '_ \/ _` | \ \ \ \
 \\/  ___)| |_)| | | | | || (_| |  ) ) ) )
  '  |____| .__|_| |_|_| |_\__, | / / / /
 =========|_|==============|___/=/_/_/_/

 :: Spring Boot ::                (v3.5.0)

2026-04-12T12:49:37.570-07:00  INFO 24816 --- [           main] g.u.ecfr.EcfrControllerIntegrationTest   : Starting EcfrControllerIntegrationTest using Java 21.0.7 with PID 24816 (started by blahz in /Users/blahz/Documents/devv/uss/backend)
2026-04-12T12:49:37.570-07:00  INFO 24816 --- [           main] g.u.ecfr.EcfrControllerIntegrationTest   : No active profile set, falling back to 1 default profile: "default"
2026-04-12T12:49:38.372-07:00  INFO 24816 --- [           main] com.zaxxer.hikari.HikariDataSource       : HikariPool-1 - Starting...
2026-04-12T12:49:38.456-07:00  INFO 24816 --- [           main] com.zaxxer.hikari.pool.HikariPool        : HikariPool-1 - Added connection conn0: url=jdbc:h2:mem:ecfr user=SA
2026-04-12T12:49:38.457-07:00  INFO 24816 --- [           main] com.zaxxer.hikari.HikariDataSource       : HikariPool-1 - Start completed.
2026-04-12T12:49:38.477-07:00  INFO 24816 --- [           main] org.flywaydb.core.FlywayExecutor         : Database: jdbc:h2:mem:ecfr (H2 2.3)
2026-04-12T12:49:38.489-07:00  INFO 24816 --- [           main] o.f.c.i.s.JdbcTableSchemaHistory         : Schema history table "PUBLIC"."flyway_schema_history" does not exist yet
2026-04-12T12:49:38.490-07:00  INFO 24816 --- [           main] o.f.core.internal.command.DbValidate     : Successfully validated 1 migration (execution time 00:00.005s)
2026-04-12T12:49:38.493-07:00  INFO 24816 --- [           main] o.f.c.i.s.JdbcTableSchemaHistory         : Creating Schema History table "PUBLIC"."flyway_schema_history" ...
2026-04-12T12:49:38.507-07:00  INFO 24816 --- [           main] o.f.core.internal.command.DbMigrate      : Current version of schema "PUBLIC": << Empty Schema >>
2026-04-12T12:49:38.511-07:00  INFO 24816 --- [           main] o.f.core.internal.command.DbMigrate      : Migrating schema "PUBLIC" to version "1 - schema"
2026-04-12T12:49:38.519-07:00  INFO 24816 --- [           main] o.f.core.internal.command.DbMigrate      : Successfully applied 1 migration to schema "PUBLIC", now at version v1 (execution time 00:00.004s)
2026-04-12T12:49:38.721-07:00  INFO 24816 --- [           main] o.s.b.t.m.w.SpringBootMockServletContext : Initializing Spring TestDispatcherServlet ''
2026-04-12T12:49:38.721-07:00  INFO 24816 --- [           main] o.s.t.web.servlet.TestDispatcherServlet  : Initializing Servlet ''
2026-04-12T12:49:38.722-07:00  INFO 24816 --- [           main] o.s.t.web.servlet.TestDispatcherServlet  : Completed initialization in 1 ms
2026-04-12T12:49:38.733-07:00  INFO 24816 --- [           main] g.u.ecfr.EcfrControllerIntegrationTest   : Started EcfrControllerIntegrationTest in 1.273 seconds (process running for 1.644)
2026-04-12T12:49:38.782-07:00  INFO 24816 --- [           main] gov.usds.ecfr.ImportService              : eCFR import completed: 1 agencies, 2 topics, 0 failures
]]></system-out>
    <system-err><![CDATA[Mockito is currently self-attaching to enable the inline-mock-maker. This will no longer work in future releases of the JDK. Please add Mockito as an agent to your build as described in Mockito's documentation: https://javadoc.io/doc/org.mockito/mockito-core/latest/org.mockito/org/mockito/Mockito.html#0.3
WARNING: A Java agent has been loaded dynamically (/Users/blahz/.m2/repository/net/bytebuddy/byte-buddy-agent/1.17.5/byte-buddy-agent-1.17.5.jar)
WARNING: If a serviceability tool is in use, please run with -XX:+EnableDynamicAgentLoading to hide this warning
WARNING: If a serviceability tool is not in use, please run with -Djdk.instrument.traceUsage for more information
WARNING: Dynamic loading of agents will be disallowed by default in a future release
]]></system-err>
  </testcase>
</testsuite>